2015-11-19 15:17:48.914+0000 INFO  [o.n.k.InternalAbstractGraphDatabase]: No locking implementation specified, defaulting to 'community'
2015-11-19 15:17:49.032+0000 INFO  [o.n.k.i.DiagnosticsManager]: --- INITIALIZED diagnostics START ---
2015-11-19 15:17:49.034+0000 INFO  [o.n.k.i.DiagnosticsManager]: Neo4j Kernel properties:
2015-11-19 15:17:49.038+0000 INFO  [o.n.k.i.DiagnosticsManager]: store_dir=accessingdataneo4j.db
2015-11-19 15:17:49.038+0000 INFO  [o.n.k.i.DiagnosticsManager]: ephemeral=false
2015-11-19 15:17:49.040+0000 INFO  [o.n.k.i.DiagnosticsManager]: Diagnostics providers:
2015-11-19 15:17:49.040+0000 INFO  [o.n.k.i.DiagnosticsManager]: org.neo4j.kernel.configuration.Config
2015-11-19 15:17:49.040+0000 INFO  [o.n.k.i.DiagnosticsManager]: org.neo4j.kernel.info.DiagnosticsManager
2015-11-19 15:17:49.040+0000 INFO  [o.n.k.i.DiagnosticsManager]: SYSTEM_MEMORY
2015-11-19 15:17:49.040+0000 INFO  [o.n.k.i.DiagnosticsManager]: JAVA_MEMORY
2015-11-19 15:17:49.040+0000 INFO  [o.n.k.i.DiagnosticsManager]: OPERATING_SYSTEM
2015-11-19 15:17:49.040+0000 INFO  [o.n.k.i.DiagnosticsManager]: JAVA_VIRTUAL_MACHINE
2015-11-19 15:17:49.040+0000 INFO  [o.n.k.i.DiagnosticsManager]: CLASSPATH
2015-11-19 15:17:49.040+0000 INFO  [o.n.k.i.DiagnosticsManager]: LIBRARY_PATH
2015-11-19 15:17:49.040+0000 INFO  [o.n.k.i.DiagnosticsManager]: SYSTEM_PROPERTIES
2015-11-19 15:17:49.040+0000 INFO  [o.n.k.i.DiagnosticsManager]: LINUX_SCHEDULERS
2015-11-19 15:17:49.040+0000 INFO  [o.n.k.i.DiagnosticsManager]: NETWORK
2015-11-19 15:17:49.041+0000 INFO  [o.n.k.i.DiagnosticsManager]: System memory information:
2015-11-19 15:17:49.048+0000 INFO  [o.n.k.i.DiagnosticsManager]: Total Physical memory: 7,77 GB
2015-11-19 15:17:49.049+0000 INFO  [o.n.k.i.DiagnosticsManager]: Free Physical memory: 558,16 MB
2015-11-19 15:17:49.049+0000 INFO  [o.n.k.i.DiagnosticsManager]: Committed virtual memory: 4,39 GB
2015-11-19 15:17:49.050+0000 INFO  [o.n.k.i.DiagnosticsManager]: Total swap space: 3,97 GB
2015-11-19 15:17:49.050+0000 INFO  [o.n.k.i.DiagnosticsManager]: Free swap space: 3,97 GB
2015-11-19 15:17:49.050+0000 INFO  [o.n.k.i.DiagnosticsManager]: JVM memory information:
2015-11-19 15:17:49.051+0000 INFO  [o.n.k.i.DiagnosticsManager]: Free  memory: 116,70 MB
2015-11-19 15:17:49.051+0000 INFO  [o.n.k.i.DiagnosticsManager]: Total memory: 271,50 MB
2015-11-19 15:17:49.051+0000 INFO  [o.n.k.i.DiagnosticsManager]: Max   memory: 1,73 GB
2015-11-19 15:17:49.063+0000 INFO  [o.n.k.i.DiagnosticsManager]: Garbage Collector: PS Scavenge: [PS Eden Space, PS Survivor Space]
2015-11-19 15:17:49.063+0000 INFO  [o.n.k.i.DiagnosticsManager]: Garbage Collector: PS MarkSweep: [PS Eden Space, PS Survivor Space, PS Old Gen]
2015-11-19 15:17:49.064+0000 INFO  [o.n.k.i.DiagnosticsManager]: Memory Pool: Code Cache (Non-heap memory): committed=14,50 MB, used=14,02 MB, max=240,00 MB, threshold=0,00 B
2015-11-19 15:17:49.065+0000 INFO  [o.n.k.i.DiagnosticsManager]: Memory Pool: Metaspace (Non-heap memory): committed=31,75 MB, used=30,85 MB, max=-1,00 B, threshold=0,00 B
2015-11-19 15:17:49.065+0000 INFO  [o.n.k.i.DiagnosticsManager]: Memory Pool: Compressed Class Space (Non-heap memory): committed=4,00 MB, used=3,81 MB, max=1,00 GB, threshold=0,00 B
2015-11-19 15:17:49.065+0000 INFO  [o.n.k.i.DiagnosticsManager]: Memory Pool: PS Eden Space (Heap memory): committed=199,00 MB, used=131,88 MB, max=644,50 MB, threshold=?
2015-11-19 15:17:49.066+0000 INFO  [o.n.k.i.DiagnosticsManager]: Memory Pool: PS Survivor Space (Heap memory): committed=7,50 MB, used=7,11 MB, max=7,50 MB, threshold=?
2015-11-19 15:17:49.066+0000 INFO  [o.n.k.i.DiagnosticsManager]: Memory Pool: PS Old Gen (Heap memory): committed=65,00 MB, used=15,81 MB, max=1,30 GB, threshold=0,00 B
2015-11-19 15:17:49.066+0000 INFO  [o.n.k.i.DiagnosticsManager]: Operating system information:
2015-11-19 15:17:49.067+0000 INFO  [o.n.k.i.DiagnosticsManager]: Operating System: Linux; version: 3.13.0-24-generic; arch: amd64; cpus: 4
2015-11-19 15:17:49.067+0000 INFO  [o.n.k.i.DiagnosticsManager]: Max number of file descriptors: 4096
2015-11-19 15:17:49.067+0000 INFO  [o.n.k.i.DiagnosticsManager]: Number of open file descriptors: 178
2015-11-19 15:17:49.067+0000 INFO  [o.n.k.i.DiagnosticsManager]: Process id: 13891@OP390
2015-11-19 15:17:49.067+0000 INFO  [o.n.k.i.DiagnosticsManager]: Byte order: LITTLE_ENDIAN
2015-11-19 15:17:49.067+0000 INFO  [o.n.k.i.DiagnosticsManager]: Local timezone: Europe/Prague
2015-11-19 15:17:49.067+0000 INFO  [o.n.k.i.DiagnosticsManager]: JVM information:
2015-11-19 15:17:49.068+0000 INFO  [o.n.k.i.DiagnosticsManager]: VM Name: OpenJDK 64-Bit Server VM
2015-11-19 15:17:49.068+0000 INFO  [o.n.k.i.DiagnosticsManager]: VM Vendor: Oracle Corporation
2015-11-19 15:17:49.068+0000 INFO  [o.n.k.i.DiagnosticsManager]: VM Version: 25.66-b01
2015-11-19 15:17:49.068+0000 INFO  [o.n.k.i.DiagnosticsManager]: JIT compiler: HotSpot 64-Bit Tiered Compilers
2015-11-19 15:17:49.069+0000 INFO  [o.n.k.i.DiagnosticsManager]: VM Arguments: [-Dclassworlds.conf=/usr/share/maven/bin/m2.conf, -Dmaven.home=/usr/share/maven]
2015-11-19 15:17:49.069+0000 INFO  [o.n.k.i.DiagnosticsManager]: Java classpath:
2015-11-19 15:17:49.070+0000 INFO  [o.n.k.i.DiagnosticsManager]:  [bootstrap] /usr/lib/jvm/java-8-openjdk-amd64/jre/lib/jce.jar
2015-11-19 15:17:49.070+0000 INFO  [o.n.k.i.DiagnosticsManager]:  [loader.2] file:/usr/lib/jvm/java-8-openjdk-amd64/jre/lib/ext/java-atk-wrapper.jar
2015-11-19 15:17:49.070+0000 INFO  [o.n.k.i.DiagnosticsManager]:  [loader.0] file:/home/denis/.m2/repository/org/aspectj/aspectjweaver/1.8.7/aspectjweaver-1.8.7.jar
2015-11-19 15:17:49.070+0000 INFO  [o.n.k.i.DiagnosticsManager]:  [loader.2] file:/usr/lib/jvm/java-8-openjdk-amd64/jre/lib/ext/nashorn.jar
2015-11-19 15:17:49.071+0000 INFO  [o.n.k.i.DiagnosticsManager]:  [loader.2] file:/usr/lib/jvm/java-8-openjdk-amd64/jre/lib/ext/icedtea-sound.jar
2015-11-19 15:17:49.071+0000 INFO  [o.n.k.i.DiagnosticsManager]:  [loader.0] file:/home/denis/.m2/repository/aopalliance/aopalliance/1.0/aopalliance-1.0.jar
2015-11-19 15:17:49.071+0000 INFO  [o.n.k.i.DiagnosticsManager]:  [loader.0] file:/home/denis/.m2/repository/javax/validation/validation-api/1.1.0.Final/validation-api-1.1.0.Final.jar
2015-11-19 15:17:49.071+0000 INFO  [o.n.k.i.DiagnosticsManager]:  [loader.2] file:/usr/lib/jvm/java-8-openjdk-amd64/jre/lib/ext/sunjce_provider.jar
2015-11-19 15:17:49.071+0000 INFO  [o.n.k.i.DiagnosticsManager]:  [bootstrap] /usr/lib/jvm/java-8-openjdk-amd64/jre/lib/sunrsasign.jar
2015-11-19 15:17:49.071+0000 INFO  [o.n.k.i.DiagnosticsManager]:  [loader.0] file:/home/denis/.m2/repository/org/yaml/snakeyaml/1.16/snakeyaml-1.16.jar
2015-11-19 15:17:49.071+0000 INFO  [o.n.k.i.DiagnosticsManager]:  [loader.0] file:/home/denis/.m2/repository/org/slf4j/slf4j-api/1.7.13/slf4j-api-1.7.13.jar
2015-11-19 15:17:49.071+0000 INFO  [o.n.k.i.DiagnosticsManager]:  [loader.0] file:/home/denis/.m2/repository/org/springframework/spring-context/4.2.3.RELEASE/spring-context-4.2.3.RELEASE.jar
2015-11-19 15:17:49.071+0000 INFO  [o.n.k.i.DiagnosticsManager]:  [loader.0] file:/home/denis/Private/Projects/Spring-Getting_started_guides/Accessing_data_with_NEO4j/target/classes/
2015-11-19 15:17:49.071+0000 INFO  [o.n.k.i.DiagnosticsManager]:  [loader.0] file:/home/denis/.m2/repository/org/springframework/boot/spring-boot-starter-logging/1.3.0.RELEASE/spring-boot-starter-logging-1.3.0.RELEASE.jar
2015-11-19 15:17:49.071+0000 INFO  [o.n.k.i.DiagnosticsManager]:  [loader.0] file:/home/denis/.m2/repository/org/aspectj/aspectjrt/1.8.7/aspectjrt-1.8.7.jar
2015-11-19 15:17:49.071+0000 INFO  [o.n.k.i.DiagnosticsManager]:  [loader.0] file:/home/denis/.m2/repository/org/neo4j/neo4j-kernel/2.2.5/neo4j-kernel-2.2.5.jar
2015-11-19 15:17:49.071+0000 INFO  [o.n.k.i.DiagnosticsManager]:  [loader.0] file:/home/denis/.m2/repository/org/springframework/spring-aspects/4.2.3.RELEASE/spring-aspects-4.2.3.RELEASE.jar
2015-11-19 15:17:49.071+0000 INFO  [o.n.k.i.DiagnosticsManager]:  [loader.0] file:/home/denis/.m2/repository/org/springframework/data/spring-data-neo4j/3.4.1.RELEASE/spring-data-neo4j-3.4.1.RELEASE.jar
2015-11-19 15:17:49.071+0000 INFO  [o.n.k.i.DiagnosticsManager]:  [loader.0] file:/home/denis/.m2/repository/org/springframework/boot/spring-boot-autoconfigure/1.3.0.RELEASE/spring-boot-autoconfigure-1.3.0.RELEASE.jar
2015-11-19 15:17:49.071+0000 INFO  [o.n.k.i.DiagnosticsManager]:  [loader.0] file:/home/denis/.m2/repository/org/neo4j/neo4j-cypher-compiler-2.0/2.0.4/neo4j-cypher-compiler-2.0-2.0.4.jar
2015-11-19 15:17:49.071+0000 INFO  [o.n.k.i.DiagnosticsManager]:  [loader.0] file:/home/denis/.m2/repository/org/neo4j/neo4j-primitive-collections/2.2.5/neo4j-primitive-collections-2.2.5.jar
2015-11-19 15:17:49.071+0000 INFO  [o.n.k.i.DiagnosticsManager]:  [loader.0] file:/home/denis/.m2/repository/org/springframework/data/spring-data-commons/1.11.1.RELEASE/spring-data-commons-1.11.1.RELEASE.jar
2015-11-19 15:17:49.071+0000 INFO  [o.n.k.i.DiagnosticsManager]:  [loader.0] file:/home/denis/.m2/repository/org/slf4j/log4j-over-slf4j/1.7.13/log4j-over-slf4j-1.7.13.jar
2015-11-19 15:17:49.071+0000 INFO  [o.n.k.i.DiagnosticsManager]:  [loader.0] file:/home/denis/.m2/repository/org/springframework/boot/spring-boot/1.3.0.RELEASE/spring-boot-1.3.0.RELEASE.jar
2015-11-19 15:17:49.071+0000 INFO  [o.n.k.i.DiagnosticsManager]:  [loader.0] file:/home/denis/.m2/repository/org/slf4j/jul-to-slf4j/1.7.13/jul-to-slf4j-1.7.13.jar
2015-11-19 15:17:49.071+0000 INFO  [o.n.k.i.DiagnosticsManager]:  [bootstrap] /usr/lib/jvm/java-8-openjdk-amd64/jre/lib/jsse.jar
2015-11-19 15:17:49.071+0000 INFO  [o.n.k.i.DiagnosticsManager]:  [loader.0] file:/home/denis/.m2/repository/org/springframework/boot/spring-boot-starter/1.3.0.RELEASE/spring-boot-starter-1.3.0.RELEASE.jar
2015-11-19 15:17:49.071+0000 INFO  [o.n.k.i.DiagnosticsManager]:  [loader.2] file:/usr/lib/jvm/java-8-openjdk-amd64/jre/lib/ext/localedata.jar
2015-11-19 15:17:49.071+0000 INFO  [o.n.k.i.DiagnosticsManager]:  [loader.2] file:/usr/lib/jvm/java-8-openjdk-amd64/jre/lib/ext/jaccess.jar
2015-11-19 15:17:49.071+0000 INFO  [o.n.k.i.DiagnosticsManager]:  [loader.0] file:/home/denis/.m2/repository/org/neo4j/neo4j-graph-matching/2.2.5/neo4j-graph-matching-2.2.5.jar
2015-11-19 15:17:49.071+0000 INFO  [o.n.k.i.DiagnosticsManager]:  [loader.0] file:/home/denis/.m2/repository/org/neo4j/neo4j-jmx/2.2.5/neo4j-jmx-2.2.5.jar
2015-11-19 15:17:49.071+0000 INFO  [o.n.k.i.DiagnosticsManager]:  [loader.0] file:/home/denis/.m2/repository/org/neo4j/neo4j-cypher/2.2.5/neo4j-cypher-2.2.5.jar
2015-11-19 15:17:49.072+0000 INFO  [o.n.k.i.DiagnosticsManager]:  [loader.2] file:/usr/lib/jvm/java-8-openjdk-amd64/jre/lib/ext/sunpkcs11.jar
2015-11-19 15:17:49.072+0000 INFO  [o.n.k.i.DiagnosticsManager]:  [loader.2] file:/usr/lib/jvm/java-8-openjdk-amd64/jre/lib/ext/libatk-wrapper.so
2015-11-19 15:17:49.072+0000 INFO  [o.n.k.i.DiagnosticsManager]:  [loader.0] file:/home/denis/.m2/repository/ch/qos/logback/logback-classic/1.1.3/logback-classic-1.1.3.jar
2015-11-19 15:17:49.072+0000 INFO  [o.n.k.i.DiagnosticsManager]:  [loader.2] file:/usr/lib/jvm/java-8-openjdk-amd64/jre/lib/ext/sunec.jar
2015-11-19 15:17:49.072+0000 INFO  [o.n.k.i.DiagnosticsManager]:  [bootstrap] /usr/lib/jvm/java-8-openjdk-amd64/jre/lib/jfr.jar
2015-11-19 15:17:49.072+0000 INFO  [o.n.k.i.DiagnosticsManager]:  [loader.0] file:/home/denis/.m2/repository/org/springframework/spring-beans/4.2.3.RELEASE/spring-beans-4.2.3.RELEASE.jar
2015-11-19 15:17:49.072+0000 INFO  [o.n.k.i.DiagnosticsManager]:  [loader.0] file:/home/denis/.m2/repository/ch/qos/logback/logback-core/1.1.3/logback-core-1.1.3.jar
2015-11-19 15:17:49.072+0000 INFO  [o.n.k.i.DiagnosticsManager]:  [loader.0] file:/home/denis/.m2/repository/org/neo4j/neo4j-udc/2.2.5/neo4j-udc-2.2.5.jar
2015-11-19 15:17:49.072+0000 INFO  [o.n.k.i.DiagnosticsManager]:  [loader.0] file:/home/denis/.m2/repository/org/springframework/spring-aop/4.2.3.RELEASE/spring-aop-4.2.3.RELEASE.jar
2015-11-19 15:17:49.072+0000 INFO  [o.n.k.i.DiagnosticsManager]:  [loader.2] file:/usr/lib/jvm/java-8-openjdk-amd64/jre/lib/ext/cldrdata.jar
2015-11-19 15:17:49.072+0000 INFO  [o.n.k.i.DiagnosticsManager]:  [bootstrap] /usr/lib/jvm/java-8-openjdk-amd64/jre/classes
2015-11-19 15:17:49.072+0000 INFO  [o.n.k.i.DiagnosticsManager]:  [loader.0] file:/home/denis/.m2/repository/org/parboiled/parboiled-scala_2.10/1.1.7/parboiled-scala_2.10-1.1.7.jar
2015-11-19 15:17:49.072+0000 INFO  [o.n.k.i.DiagnosticsManager]:  [loader.0] file:/home/denis/.m2/repository/org/neo4j/neo4j-cypher-compiler-2.1/2.1.8/neo4j-cypher-compiler-2.1-2.1.8.jar
2015-11-19 15:17:49.072+0000 INFO  [o.n.k.i.DiagnosticsManager]:  [loader.0] file:/home/denis/.m2/repository/org/springframework/spring-expression/4.2.3.RELEASE/spring-expression-4.2.3.RELEASE.jar
2015-11-19 15:17:49.072+0000 INFO  [o.n.k.i.DiagnosticsManager]:  [loader.0] file:/home/denis/.m2/repository/org/springframework/spring-tx/4.2.3.RELEASE/spring-tx-4.2.3.RELEASE.jar
2015-11-19 15:17:49.072+0000 INFO  [o.n.k.i.DiagnosticsManager]:  [loader.0] file:/home/denis/.m2/repository/org/scala-lang/scala-library/2.10.5/scala-library-2.10.5.jar
2015-11-19 15:17:49.072+0000 INFO  [o.n.k.i.DiagnosticsManager]:  [loader.0] file:/home/denis/.m2/repository/org/neo4j/neo4j-consistency-check/2.2.5/neo4j-consistency-check-2.2.5.jar
2015-11-19 15:17:49.072+0000 INFO  [o.n.k.i.DiagnosticsManager]:  [loader.0] file:/home/denis/.m2/repository/javax/transaction/javax.transaction-api/1.2/javax.transaction-api-1.2.jar
2015-11-19 15:17:49.072+0000 INFO  [o.n.k.i.DiagnosticsManager]:  [loader.2] file:/usr/lib/jvm/java-8-openjdk-amd64/jre/lib/ext/zipfs.jar
2015-11-19 15:17:49.072+0000 INFO  [o.n.k.i.DiagnosticsManager]:  [bootstrap] /usr/lib/jvm/java-8-openjdk-amd64/jre/lib/resources.jar
2015-11-19 15:17:49.072+0000 INFO  [o.n.k.i.DiagnosticsManager]:  [loader.0] file:/home/denis/.m2/repository/org/neo4j/neo4j-io/2.2.5/neo4j-io-2.2.5.jar
2015-11-19 15:17:49.072+0000 INFO  [o.n.k.i.DiagnosticsManager]:  [loader.0] file:/home/denis/.m2/repository/commons-io/commons-io/2.4/commons-io-2.4.jar
2015-11-19 15:17:49.072+0000 INFO  [o.n.k.i.DiagnosticsManager]:  [loader.0] file:/home/denis/.m2/repository/org/neo4j/neo4j-lucene-index/2.2.5/neo4j-lucene-index-2.2.5.jar
2015-11-19 15:17:49.072+0000 INFO  [o.n.k.i.DiagnosticsManager]:  [loader.0] file:/home/denis/.m2/repository/net/sf/opencsv/opencsv/2.3/opencsv-2.3.jar
2015-11-19 15:17:49.072+0000 INFO  [o.n.k.i.DiagnosticsManager]:  [loader.0] file:/home/denis/.m2/repository/org/neo4j/neo4j-cypher-dsl/2.0.1/neo4j-cypher-dsl-2.0.1.jar
2015-11-19 15:17:49.072+0000 INFO  [o.n.k.i.DiagnosticsManager]:  [loader.0] file:/home/denis/.m2/repository/org/slf4j/jcl-over-slf4j/1.7.13/jcl-over-slf4j-1.7.13.jar
2015-11-19 15:17:49.072+0000 INFO  [o.n.k.i.DiagnosticsManager]:  [loader.0] file:/home/denis/.m2/repository/org/scala-lang/scala-reflect/2.10.5/scala-reflect-2.10.5.jar
2015-11-19 15:17:49.072+0000 INFO  [o.n.k.i.DiagnosticsManager]:  [loader.0] file:/home/denis/.m2/repository/org/hibernate/hibernate-validator/5.2.2.Final/hibernate-validator-5.2.2.Final.jar
2015-11-19 15:17:49.073+0000 INFO  [o.n.k.i.DiagnosticsManager]:  [loader.0] file:/home/denis/.m2/repository/org/apache/lucene/lucene-core/3.6.2/lucene-core-3.6.2.jar
2015-11-19 15:17:49.073+0000 INFO  [o.n.k.i.DiagnosticsManager]:  [loader.0] file:/home/denis/.m2/repository/org/neo4j/neo4j-graph-algo/2.2.5/neo4j-graph-algo-2.2.5.jar
2015-11-19 15:17:49.073+0000 INFO  [o.n.k.i.DiagnosticsManager]:  [loader.0] file:/home/denis/.m2/repository/org/neo4j/neo4j-cypher-compiler-2.2/2.2.5/neo4j-cypher-compiler-2.2-2.2.5.jar
2015-11-19 15:17:49.073+0000 INFO  [o.n.k.i.DiagnosticsManager]:  [loader.0] file:/home/denis/.m2/repository/com/googlecode/concurrentlinkedhashmap/concurrentlinkedhashmap-lru/1.4/concurrentlinkedhashmap-lru-1.4.jar
2015-11-19 15:17:49.073+0000 INFO  [o.n.k.i.DiagnosticsManager]:  [loader.0] file:/home/denis/.m2/repository/org/parboiled/parboiled-core/1.1.7/parboiled-core-1.1.7.jar
2015-11-19 15:17:49.073+0000 INFO  [o.n.k.i.DiagnosticsManager]:  [loader.2] file:/usr/lib/jvm/java-8-openjdk-amd64/jre/lib/ext/dnsns.jar
2015-11-19 15:17:49.073+0000 INFO  [o.n.k.i.DiagnosticsManager]:  [loader.0] file:/home/denis/.m2/repository/javax/el/javax.el-api/2.2.4/javax.el-api-2.2.4.jar
2015-11-19 15:17:49.073+0000 INFO  [o.n.k.i.DiagnosticsManager]:  [loader.0] file:/home/denis/.m2/repository/org/jboss/logging/jboss-logging/3.3.0.Final/jboss-logging-3.3.0.Final.jar
2015-11-19 15:17:49.073+0000 INFO  [o.n.k.i.DiagnosticsManager]:  [loader.0] file:/home/denis/.m2/repository/org/neo4j/neo4j/2.2.5/neo4j-2.2.5.jar
2015-11-19 15:17:49.073+0000 INFO  [o.n.k.i.DiagnosticsManager]:  [loader.0] file:/home/denis/.m2/repository/org/neo4j/neo4j-csv/2.2.5/neo4j-csv-2.2.5.jar
2015-11-19 15:17:49.073+0000 INFO  [o.n.k.i.DiagnosticsManager]:  [classpath + loader.1] file:/usr/share/java/plexus-classworlds2-2.5.1.jar
2015-11-19 15:17:49.073+0000 INFO  [o.n.k.i.DiagnosticsManager]:  [bootstrap] /usr/lib/jvm/java-8-openjdk-amd64/jre/lib/charsets.jar
2015-11-19 15:17:49.073+0000 INFO  [o.n.k.i.DiagnosticsManager]:  [loader.0] file:/home/denis/.m2/repository/com/fasterxml/classmate/1.1.0/classmate-1.1.0.jar
2015-11-19 15:17:49.073+0000 INFO  [o.n.k.i.DiagnosticsManager]:  [loader.0] file:/home/denis/.m2/repository/org/springframework/spring-core/4.2.3.RELEASE/spring-core-4.2.3.RELEASE.jar
2015-11-19 15:17:49.073+0000 INFO  [o.n.k.i.DiagnosticsManager]:  [loader.0] file:/home/denis/.m2/repository/org/neo4j/neo4j-unsafe/2.2.5/neo4j-unsafe-2.2.5.jar
2015-11-19 15:17:49.073+0000 INFO  [o.n.k.i.DiagnosticsManager]:  [loader.0] file:/home/denis/.m2/repository/org/neo4j/neo4j-cypher-compiler-1.9/2.0.4/neo4j-cypher-compiler-1.9-2.0.4.jar
2015-11-19 15:17:49.073+0000 INFO  [o.n.k.i.DiagnosticsManager]:  [bootstrap] /usr/lib/jvm/java-8-openjdk-amd64/jre/lib/rt.jar
2015-11-19 15:17:49.073+0000 INFO  [o.n.k.i.DiagnosticsManager]: Library path:
2015-11-19 15:17:49.074+0000 INFO  [o.n.k.i.DiagnosticsManager]: /usr/java/packages/lib/amd64
2015-11-19 15:17:49.074+0000 INFO  [o.n.k.i.DiagnosticsManager]: /usr/lib/x86_64-linux-gnu/jni
2015-11-19 15:17:49.074+0000 INFO  [o.n.k.i.DiagnosticsManager]: /lib/x86_64-linux-gnu
2015-11-19 15:17:49.074+0000 INFO  [o.n.k.i.DiagnosticsManager]: /usr/lib/x86_64-linux-gnu
2015-11-19 15:17:49.100+0000 INFO  [o.n.k.i.DiagnosticsManager]: /usr/lib/jni
2015-11-19 15:17:49.100+0000 INFO  [o.n.k.i.DiagnosticsManager]: /lib
2015-11-19 15:17:49.100+0000 INFO  [o.n.k.i.DiagnosticsManager]: /usr/lib
2015-11-19 15:17:49.100+0000 INFO  [o.n.k.i.DiagnosticsManager]: System.properties:
2015-11-19 15:17:49.100+0000 INFO  [o.n.k.i.DiagnosticsManager]: sun.boot.library.path = /usr/lib/jvm/java-8-openjdk-amd64/jre/lib/amd64
2015-11-19 15:17:49.100+0000 INFO  [o.n.k.i.DiagnosticsManager]: guice.disable.misplaced.annotation.check = true
2015-11-19 15:17:49.100+0000 INFO  [o.n.k.i.DiagnosticsManager]: path.separator = :
2015-11-19 15:17:49.100+0000 INFO  [o.n.k.i.DiagnosticsManager]: file.encoding.pkg = sun.io
2015-11-19 15:17:49.101+0000 INFO  [o.n.k.i.DiagnosticsManager]: user.country = CZ
2015-11-19 15:17:49.101+0000 INFO  [o.n.k.i.DiagnosticsManager]: sun.java.launcher = SUN_STANDARD
2015-11-19 15:17:49.101+0000 INFO  [o.n.k.i.DiagnosticsManager]: sun.os.patch.level = unknown
2015-11-19 15:17:49.101+0000 INFO  [o.n.k.i.DiagnosticsManager]: PID = 13891
2015-11-19 15:17:49.101+0000 INFO  [o.n.k.i.DiagnosticsManager]: user.dir = /home/denis/Private/Projects/Spring-Getting_started_guides/Accessing_data_with_NEO4j
2015-11-19 15:17:49.101+0000 INFO  [o.n.k.i.DiagnosticsManager]: org.jboss.logging.provider = slf4j
2015-11-19 15:17:49.101+0000 INFO  [o.n.k.i.DiagnosticsManager]: classworlds.conf = /usr/share/maven/bin/m2.conf
2015-11-19 15:17:49.101+0000 INFO  [o.n.k.i.DiagnosticsManager]: sun.jnu.encoding = UTF-8
2015-11-19 15:17:49.101+0000 INFO  [o.n.k.i.DiagnosticsManager]: spring.beaninfo.ignore = true
2015-11-19 15:17:49.101+0000 INFO  [o.n.k.i.DiagnosticsManager]: sun.management.compiler = HotSpot 64-Bit Tiered Compilers
2015-11-19 15:17:49.101+0000 INFO  [o.n.k.i.DiagnosticsManager]: user.home = /home/denis
2015-11-19 15:17:49.101+0000 INFO  [o.n.k.i.DiagnosticsManager]: user.timezone = Europe/Prague
2015-11-19 15:17:49.101+0000 INFO  [o.n.k.i.DiagnosticsManager]: file.encoding = UTF-8
2015-11-19 15:17:49.101+0000 INFO  [o.n.k.i.DiagnosticsManager]: user.name = denis
2015-11-19 15:17:49.101+0000 INFO  [o.n.k.i.DiagnosticsManager]: sun.java.command = org.codehaus.plexus.classworlds.launcher.Launcher spring-boot:run
2015-11-19 15:17:49.101+0000 INFO  [o.n.k.i.DiagnosticsManager]: sun.arch.data.model = 64
2015-11-19 15:17:49.101+0000 INFO  [o.n.k.i.DiagnosticsManager]: user.language = cs
2015-11-19 15:17:49.101+0000 INFO  [o.n.k.i.DiagnosticsManager]: awt.toolkit = sun.awt.X11.XToolkit
2015-11-19 15:17:49.101+0000 INFO  [o.n.k.i.DiagnosticsManager]: securerandom.source = file:/dev/./urandom
2015-11-19 15:17:49.101+0000 INFO  [o.n.k.i.DiagnosticsManager]: maven.home = /usr/share/maven
2015-11-19 15:17:49.101+0000 INFO  [o.n.k.i.DiagnosticsManager]: file.separator = /
2015-11-19 15:17:49.101+0000 INFO  [o.n.k.i.DiagnosticsManager]: LOG_EXCEPTION_CONVERSION_WORD = %wEx
2015-11-19 15:17:49.101+0000 INFO  [o.n.k.i.DiagnosticsManager]: sun.io.unicode.encoding = UnicodeLittle
2015-11-19 15:17:49.101+0000 INFO  [o.n.k.i.DiagnosticsManager]: sun.cpu.endian = little
2015-11-19 15:17:49.101+0000 INFO  [o.n.k.i.DiagnosticsManager]: sun.desktop = gnome
2015-11-19 15:17:49.101+0000 INFO  [o.n.k.i.DiagnosticsManager]: sun.cpu.isalist = 
2015-11-19 15:17:49.101+0000 INFO  [o.n.k.i.DiagnosticsManager]: Linux scheduler information:
2015-11-19 15:17:49.103+0000 INFO  [o.n.k.i.DiagnosticsManager]: noop [deadline] cfq 
2015-11-19 15:17:49.103+0000 INFO  [o.n.k.i.DiagnosticsManager]: none
2015-11-19 15:17:49.103+0000 INFO  [o.n.k.i.DiagnosticsManager]: none
2015-11-19 15:17:49.103+0000 INFO  [o.n.k.i.DiagnosticsManager]: none
2015-11-19 15:17:49.104+0000 INFO  [o.n.k.i.DiagnosticsManager]: none
2015-11-19 15:17:49.104+0000 INFO  [o.n.k.i.DiagnosticsManager]: none
2015-11-19 15:17:49.104+0000 INFO  [o.n.k.i.DiagnosticsManager]: none
2015-11-19 15:17:49.104+0000 INFO  [o.n.k.i.DiagnosticsManager]: none
2015-11-19 15:17:49.104+0000 INFO  [o.n.k.i.DiagnosticsManager]: none
2015-11-19 15:17:49.104+0000 INFO  [o.n.k.i.DiagnosticsManager]: none
2015-11-19 15:17:49.104+0000 INFO  [o.n.k.i.DiagnosticsManager]: none
2015-11-19 15:17:49.104+0000 INFO  [o.n.k.i.DiagnosticsManager]: none
2015-11-19 15:17:49.104+0000 INFO  [o.n.k.i.DiagnosticsManager]: none
2015-11-19 15:17:49.104+0000 INFO  [o.n.k.i.DiagnosticsManager]: none
2015-11-19 15:17:49.104+0000 INFO  [o.n.k.i.DiagnosticsManager]: none
2015-11-19 15:17:49.105+0000 INFO  [o.n.k.i.DiagnosticsManager]: none
2015-11-19 15:17:49.105+0000 INFO  [o.n.k.i.DiagnosticsManager]: none
2015-11-19 15:17:49.105+0000 INFO  [o.n.k.i.DiagnosticsManager]: none
2015-11-19 15:17:49.105+0000 INFO  [o.n.k.i.DiagnosticsManager]: none
2015-11-19 15:17:49.105+0000 INFO  [o.n.k.i.DiagnosticsManager]: none
2015-11-19 15:17:49.105+0000 INFO  [o.n.k.i.DiagnosticsManager]: none
2015-11-19 15:17:49.105+0000 INFO  [o.n.k.i.DiagnosticsManager]: none
2015-11-19 15:17:49.105+0000 INFO  [o.n.k.i.DiagnosticsManager]: none
2015-11-19 15:17:49.105+0000 INFO  [o.n.k.i.DiagnosticsManager]: none
2015-11-19 15:17:49.105+0000 INFO  [o.n.k.i.DiagnosticsManager]: none
2015-11-19 15:17:49.105+0000 INFO  [o.n.k.i.DiagnosticsManager]: Network information:
2015-11-19 15:17:49.107+0000 INFO  [o.n.k.i.DiagnosticsManager]: Interface eth0:
2015-11-19 15:17:49.107+0000 INFO  [o.n.k.i.DiagnosticsManager]:     address: fe80:0:0:0:d267:e5ff:fe2d:a0e9%eth0
2015-11-19 15:17:49.107+0000 INFO  [o.n.k.i.DiagnosticsManager]:     address: 192.168.96.127
2015-11-19 15:17:49.107+0000 INFO  [o.n.k.i.DiagnosticsManager]: Interface lo:
2015-11-19 15:17:49.108+0000 INFO  [o.n.k.i.DiagnosticsManager]:     address: 0:0:0:0:0:0:0:1%lo
2015-11-19 15:17:49.108+0000 INFO  [o.n.k.i.DiagnosticsManager]:     address: 127.0.0.1
2015-11-19 15:17:49.108+0000 INFO  [o.n.k.i.DiagnosticsManager]: --- INITIALIZED diagnostics END ---
2015-11-19 15:17:49.262+0000 INFO  [o.n.k.i.s.StoreFactory]: Creating new db @ accessingdataneo4j.db/neostore
2015-11-19 15:17:52.256+0000 INFO  [o.n.k.a.i.i.LuceneLabelScanStore]: No lucene scan store index found, this might just be first use. Preparing to rebuild.
2015-11-19 15:17:52.279+0000 INFO  [o.n.k.a.i.i.LuceneLabelScanStore]: No lucene scan store index found, this might just be first use. Preparing to rebuild.
2015-11-19 15:17:52.323+0000 INFO  [o.n.k.NeoStoreDataSource]: Opened logical log [accessingdataneo4j.db/neostore.transaction.db.0] version=0, lastTxId=1 (clean)
2015-11-19 15:17:52.327+0000 WARN  [o.n.k.i.s.StoreFactory]: Missing counts store, rebuilding it.
2015-11-19 15:17:52.414+0000 INFO  [o.n.k.a.i.i.LuceneLabelScanStore]: Rebuilding lucene scan store, this may take a while
2015-11-19 15:17:52.418+0000 INFO  [o.n.k.a.i.i.LuceneLabelScanStore]: Lucene scan store rebuilt (roughly -1 nodes)
2015-11-19 15:17:52.425+0000 INFO  [o.n.k.KernelHealth]: Kernel health set to OK
2015-11-19 15:17:52.764+0000 INFO  [o.n.k.i.DiagnosticsManager]: --- STARTED diagnostics for KernelDiagnostics:Versions START ---
2015-11-19 15:17:52.764+0000 INFO  [o.n.k.i.DiagnosticsManager]: Graph Database: org.neo4j.kernel.EmbeddedGraphDatabase StoreId{creationTime=1447946269262, randomId=2690589287856032898, storeVersion=14969031248344582, upgradeTime=1447946269262, upgradeId=1}
2015-11-19 15:17:52.764+0000 INFO  [o.n.k.i.DiagnosticsManager]: Kernel version: Neo4j - Graph Database Kernel (neo4j-kernel), version: 2.2.5
2015-11-19 15:17:52.764+0000 INFO  [o.n.k.i.DiagnosticsManager]: Neo4j component versions:
2015-11-19 15:17:52.767+0000 INFO  [o.n.k.i.DiagnosticsManager]:   Neo4j - Cypher Compiler 1.9 (neo4j-cypher-compiler-1.9), version: 2.0.4; revision: 2.0.4:2.0-maint:130/4a7d10bc274a5d26a180bbe9df25100e8a694748
2015-11-19 15:17:52.767+0000 INFO  [o.n.k.i.DiagnosticsManager]:   Neo4j - Consistency Checker (neo4j-consistency-check), version: 2.2.5; revision: 2.2.5:2.2:151/cf9c7fe724d193d2d54c55eb0c82cc9036fc05d6-dirty
2015-11-19 15:17:52.767+0000 INFO  [o.n.k.i.DiagnosticsManager]:   Neo4j - Cypher Compiler 2.2 (neo4j-cypher-compiler-2.2), version: 2.2.5; revision: 2.2.5:2.2:151/cf9c7fe724d193d2d54c55eb0c82cc9036fc05d6-dirty
2015-11-19 15:17:52.768+0000 INFO  [o.n.k.i.DiagnosticsManager]:   Neo4j - Graph Database Kernel (neo4j-kernel), version: 2.2.5; revision: 2.2.5:2.2:151/cf9c7fe724d193d2d54c55eb0c82cc9036fc05d6-dirty
2015-11-19 15:17:52.768+0000 INFO  [o.n.k.i.DiagnosticsManager]:   Neo4j - Cypher Compiler 2.1 (neo4j-cypher-compiler-2.1), version: 2.1.8; revision: 2.1.8:2.1-maint:687/5c83ce3a5ddf33259593f719153ce71a6fe89fc7
2015-11-19 15:17:52.768+0000 INFO  [o.n.k.i.DiagnosticsManager]:   Neo4j - Community (neo4j), version: 2.2.5; revision: 2.2.5:2.2:151/cf9c7fe724d193d2d54c55eb0c82cc9036fc05d6-dirty
2015-11-19 15:17:52.768+0000 INFO  [o.n.k.i.DiagnosticsManager]:   neo4j-udc, version: 2.2.5; revision: 2.2.5:2.2:151/cf9c7fe724d193d2d54c55eb0c82cc9036fc05d6-dirty
2015-11-19 15:17:52.768+0000 INFO  [o.n.k.i.DiagnosticsManager]:   Neo4j - Lucene Index (neo4j-lucene-index), version: 2.2.5; revision: 2.2.5:2.2:151/cf9c7fe724d193d2d54c55eb0c82cc9036fc05d6-dirty
2015-11-19 15:17:52.768+0000 INFO  [o.n.k.i.DiagnosticsManager]:   Neo4j - Cypher Compiler 2.0 (neo4j-cypher-compiler-2.0), version: 2.0.4; revision: 2.0.4:2.0-maint:130/4a7d10bc274a5d26a180bbe9df25100e8a694748
2015-11-19 15:17:52.768+0000 INFO  [o.n.k.i.DiagnosticsManager]:   Neo4j - Graph Matching (neo4j-graph-matching), version: 2.2.5; revision: 2.2.5:2.2:151/cf9c7fe724d193d2d54c55eb0c82cc9036fc05d6-dirty
2015-11-19 15:17:52.768+0000 INFO  [o.n.k.i.DiagnosticsManager]:   Neo4j - JMX support (neo4j-jmx), version: 2.2.5; revision: 2.2.5:2.2:151/cf9c7fe724d193d2d54c55eb0c82cc9036fc05d6-dirty
2015-11-19 15:17:52.768+0000 INFO  [o.n.k.i.DiagnosticsManager]:   Neo4j - Cypher (neo4j-cypher), version: 2.2.5; revision: 2.2.5:2.2:151/cf9c7fe724d193d2d54c55eb0c82cc9036fc05d6-dirty
2015-11-19 15:17:52.768+0000 INFO  [o.n.k.i.DiagnosticsManager]:   Neo4j - Graph Algorithms (neo4j-graph-algo), version: 2.2.5; revision: 2.2.5:2.2:151/cf9c7fe724d193d2d54c55eb0c82cc9036fc05d6-dirty
2015-11-19 15:17:52.768+0000 INFO  [o.n.k.i.DiagnosticsManager]: --- STARTED diagnostics for KernelDiagnostics:Versions END ---
2015-11-19 15:17:52.771+0000 INFO  [o.n.k.i.DiagnosticsManager]: --- STARTED diagnostics for NEO_STORE_VERSIONS START ---
2015-11-19 15:17:52.772+0000 INFO  [o.n.k.i.DiagnosticsManager]: Store versions:
2015-11-19 15:17:52.772+0000 INFO  [o.n.k.i.DiagnosticsManager]: Store versions:
2015-11-19 15:17:52.772+0000 INFO  [o.n.k.i.DiagnosticsManager]:   NeoStore v0.A.5
2015-11-19 15:17:52.772+0000 INFO  [o.n.k.i.DiagnosticsManager]:   SchemaStore v0.A.5
2015-11-19 15:17:52.772+0000 INFO  [o.n.k.i.DiagnosticsManager]:   NodeStore v0.A.5
2015-11-19 15:17:52.772+0000 INFO  [o.n.k.i.DiagnosticsManager]:   RelationshipStore v0.A.5
2015-11-19 15:17:52.772+0000 INFO  [o.n.k.i.DiagnosticsManager]:   RelationshipTypeStore v0.A.5
2015-11-19 15:17:52.772+0000 INFO  [o.n.k.i.DiagnosticsManager]:   LabelTokenStore v0.A.5
2015-11-19 15:17:52.772+0000 INFO  [o.n.k.i.DiagnosticsManager]:   PropertyStore v0.A.5
2015-11-19 15:17:52.772+0000 INFO  [o.n.k.i.DiagnosticsManager]:   PropertyIndexStore v0.A.5
2015-11-19 15:17:52.772+0000 INFO  [o.n.k.i.DiagnosticsManager]:   StringPropertyStore v0.A.5
2015-11-19 15:17:52.772+0000 INFO  [o.n.k.i.DiagnosticsManager]:   ArrayPropertyStore v0.A.5
2015-11-19 15:17:52.772+0000 INFO  [o.n.k.i.DiagnosticsManager]:   RelationshipGroupStore v0.A.5
2015-11-19 15:17:52.772+0000 INFO  [o.n.k.i.DiagnosticsManager]: --- STARTED diagnostics for NEO_STORE_VERSIONS END ---
2015-11-19 15:17:52.772+0000 INFO  [o.n.k.i.DiagnosticsManager]: --- STARTED diagnostics for NEO_STORE_ID_USAGE START ---
2015-11-19 15:17:52.773+0000 INFO  [o.n.k.i.DiagnosticsManager]: Id usage:
2015-11-19 15:17:52.773+0000 INFO  [o.n.k.i.DiagnosticsManager]: Id usage:
2015-11-19 15:17:52.773+0000 INFO  [o.n.k.i.DiagnosticsManager]:   SchemaStore: used=1 high=0
2015-11-19 15:17:52.773+0000 INFO  [o.n.k.i.DiagnosticsManager]:   NodeStore: used=0 high=-1
2015-11-19 15:17:52.773+0000 INFO  [o.n.k.i.DiagnosticsManager]:   RelationshipStore: used=0 high=-1
2015-11-19 15:17:52.773+0000 INFO  [o.n.k.i.DiagnosticsManager]:   RelationshipTypeStore: used=0 high=-1
2015-11-19 15:17:52.773+0000 INFO  [o.n.k.i.DiagnosticsManager]:   LabelTokenStore: used=0 high=-1
2015-11-19 15:17:52.773+0000 INFO  [o.n.k.i.DiagnosticsManager]:   PropertyStore: used=0 high=-1
2015-11-19 15:17:52.773+0000 INFO  [o.n.k.i.DiagnosticsManager]:   PropertyIndexStore: used=0 high=-1
2015-11-19 15:17:52.773+0000 INFO  [o.n.k.i.DiagnosticsManager]:   StringPropertyStore: used=1 high=0
2015-11-19 15:17:52.774+0000 INFO  [o.n.k.i.DiagnosticsManager]:   ArrayPropertyStore: used=1 high=0
2015-11-19 15:17:52.774+0000 INFO  [o.n.k.i.DiagnosticsManager]:   RelationshipGroupStore: used=1 high=0
2015-11-19 15:17:52.774+0000 INFO  [o.n.k.i.DiagnosticsManager]: --- STARTED diagnostics for NEO_STORE_ID_USAGE END ---
2015-11-19 15:17:52.774+0000 INFO  [o.n.k.i.DiagnosticsManager]: --- STARTED diagnostics for KernelDiagnostics:StoreFiles START ---
2015-11-19 15:17:52.774+0000 INFO  [o.n.k.i.DiagnosticsManager]: Disk space on partition (Total / Free / Free %): 241800314880 / 164909707264 / 68
Storage files: (filename : modification date - size)
2015-11-19 15:17:52.775+0000 INFO  [o.n.k.i.DiagnosticsManager]:   index:
2015-11-19 15:17:52.776+0000 INFO  [o.n.k.i.DiagnosticsManager]:   - Total: 2015-11-19T16:17:52+0100 - 0,00 B
2015-11-19 15:17:52.776+0000 INFO  [o.n.k.i.DiagnosticsManager]:   lock: 2015-11-19T16:17:51+0100 - 0,00 B
2015-11-19 15:17:52.776+0000 INFO  [o.n.k.i.DiagnosticsManager]:   messages.log: 2015-11-19T16:17:52+0100 - 31,26 kB
2015-11-19 15:17:52.776+0000 INFO  [o.n.k.i.DiagnosticsManager]:   neostore: 2015-11-19T16:17:51+0100 - 99,00 B
2015-11-19 15:17:52.776+0000 INFO  [o.n.k.i.DiagnosticsManager]:   neostore.counts.db.a: 2015-11-19T16:17:52+0100 - 114,00 B
2015-11-19 15:17:52.776+0000 INFO  [o.n.k.i.DiagnosticsManager]:   neostore.id: 2015-11-19T16:17:51+0100 - 9,00 B
2015-11-19 15:17:52.777+0000 INFO  [o.n.k.i.DiagnosticsManager]:   neostore.labeltokenstore.db: 2015-11-19T16:17:51+0100 - 0,00 B
2015-11-19 15:17:52.777+0000 INFO  [o.n.k.i.DiagnosticsManager]:   neostore.labeltokenstore.db.id: 2015-11-19T16:17:51+0100 - 9,00 B
2015-11-19 15:17:52.777+0000 INFO  [o.n.k.i.DiagnosticsManager]:   neostore.labeltokenstore.db.names: 2015-11-19T16:17:51+0100 - 38,00 B
2015-11-19 15:17:52.777+0000 INFO  [o.n.k.i.DiagnosticsManager]:   neostore.labeltokenstore.db.names.id: 2015-11-19T16:17:51+0100 - 9,00 B
2015-11-19 15:17:52.777+0000 INFO  [o.n.k.i.DiagnosticsManager]:   neostore.nodestore.db: 2015-11-19T16:17:51+0100 - 0,00 B
2015-11-19 15:17:52.777+0000 INFO  [o.n.k.i.DiagnosticsManager]:   neostore.nodestore.db.id: 2015-11-19T16:17:51+0100 - 9,00 B
2015-11-19 15:17:52.778+0000 INFO  [o.n.k.i.DiagnosticsManager]:   neostore.nodestore.db.labels: 2015-11-19T16:17:51+0100 - 68,00 B
2015-11-19 15:17:52.778+0000 INFO  [o.n.k.i.DiagnosticsManager]:   neostore.nodestore.db.labels.id: 2015-11-19T16:17:51+0100 - 9,00 B
2015-11-19 15:17:52.778+0000 INFO  [o.n.k.i.DiagnosticsManager]:   neostore.propertystore.db: 2015-11-19T16:17:51+0100 - 0,00 B
2015-11-19 15:17:52.778+0000 INFO  [o.n.k.i.DiagnosticsManager]:   neostore.propertystore.db.arrays: 2015-11-19T16:17:51+0100 - 128,00 B
2015-11-19 15:17:52.778+0000 INFO  [o.n.k.i.DiagnosticsManager]:   neostore.propertystore.db.arrays.id: 2015-11-19T16:17:51+0100 - 9,00 B
2015-11-19 15:17:52.778+0000 INFO  [o.n.k.i.DiagnosticsManager]:   neostore.propertystore.db.id: 2015-11-19T16:17:51+0100 - 9,00 B
2015-11-19 15:17:52.779+0000 INFO  [o.n.k.i.DiagnosticsManager]:   neostore.propertystore.db.index: 2015-11-19T16:17:51+0100 - 0,00 B
2015-11-19 15:17:52.779+0000 INFO  [o.n.k.i.DiagnosticsManager]:   neostore.propertystore.db.index.id: 2015-11-19T16:17:51+0100 - 9,00 B
2015-11-19 15:17:52.779+0000 INFO  [o.n.k.i.DiagnosticsManager]:   neostore.propertystore.db.index.keys: 2015-11-19T16:17:51+0100 - 38,00 B
2015-11-19 15:17:52.779+0000 INFO  [o.n.k.i.DiagnosticsManager]:   neostore.propertystore.db.index.keys.id: 2015-11-19T16:17:51+0100 - 9,00 B
2015-11-19 15:17:52.779+0000 INFO  [o.n.k.i.DiagnosticsManager]:   neostore.propertystore.db.strings: 2015-11-19T16:17:51+0100 - 128,00 B
2015-11-19 15:17:52.779+0000 INFO  [o.n.k.i.DiagnosticsManager]:   neostore.propertystore.db.strings.id: 2015-11-19T16:17:51+0100 - 9,00 B
2015-11-19 15:17:52.779+0000 INFO  [o.n.k.i.DiagnosticsManager]:   neostore.relationshipgroupstore.db: 2015-11-19T16:17:51+0100 - 25,00 B
2015-11-19 15:17:52.780+0000 INFO  [o.n.k.i.DiagnosticsManager]:   neostore.relationshipgroupstore.db.id: 2015-11-19T16:17:51+0100 - 9,00 B
2015-11-19 15:17:52.780+0000 INFO  [o.n.k.i.DiagnosticsManager]:   neostore.relationshipstore.db: 2015-11-19T16:17:51+0100 - 0,00 B
2015-11-19 15:17:52.780+0000 INFO  [o.n.k.i.DiagnosticsManager]:   neostore.relationshipstore.db.id: 2015-11-19T16:17:51+0100 - 9,00 B
2015-11-19 15:17:52.780+0000 INFO  [o.n.k.i.DiagnosticsManager]:   neostore.relationshiptypestore.db: 2015-11-19T16:17:51+0100 - 0,00 B
2015-11-19 15:17:52.780+0000 INFO  [o.n.k.i.DiagnosticsManager]:   neostore.relationshiptypestore.db.id: 2015-11-19T16:17:51+0100 - 9,00 B
2015-11-19 15:17:52.780+0000 INFO  [o.n.k.i.DiagnosticsManager]:   neostore.relationshiptypestore.db.names: 2015-11-19T16:17:51+0100 - 38,00 B
2015-11-19 15:17:52.781+0000 INFO  [o.n.k.i.DiagnosticsManager]:   neostore.relationshiptypestore.db.names.id: 2015-11-19T16:17:51+0100 - 9,00 B
2015-11-19 15:17:52.781+0000 INFO  [o.n.k.i.DiagnosticsManager]:   neostore.schemastore.db: 2015-11-19T16:17:51+0100 - 64,00 B
2015-11-19 15:17:52.781+0000 INFO  [o.n.k.i.DiagnosticsManager]:   neostore.schemastore.db.id: 2015-11-19T16:17:51+0100 - 9,00 B
2015-11-19 15:17:52.781+0000 INFO  [o.n.k.i.DiagnosticsManager]:   neostore.transaction.db.0: 2015-11-19T16:17:52+0100 - 16,00 B
2015-11-19 15:17:52.781+0000 INFO  [o.n.k.i.DiagnosticsManager]:   schema:
2015-11-19 15:17:52.781+0000 INFO  [o.n.k.i.DiagnosticsManager]:     label:
2015-11-19 15:17:52.781+0000 INFO  [o.n.k.i.DiagnosticsManager]:       lucene:
2015-11-19 15:17:52.781+0000 INFO  [o.n.k.i.DiagnosticsManager]:         write.lock: 2015-11-19T16:17:52+0100 - 0,00 B
2015-11-19 15:17:52.782+0000 INFO  [o.n.k.i.DiagnosticsManager]:       - Total: 2015-11-19T16:17:52+0100 - 0,00 B
2015-11-19 15:17:52.782+0000 INFO  [o.n.k.i.DiagnosticsManager]:     - Total: 2015-11-19T16:17:52+0100 - 0,00 B
2015-11-19 15:17:52.782+0000 INFO  [o.n.k.i.DiagnosticsManager]:   - Total: 2015-11-19T16:17:52+0100 - 0,00 B
2015-11-19 15:17:52.782+0000 INFO  [o.n.k.i.DiagnosticsManager]:   store_lock: 2015-11-19T16:17:49+0100 - 0,00 B
2015-11-19 15:17:52.782+0000 INFO  [o.n.k.i.DiagnosticsManager]: --- STARTED diagnostics for KernelDiagnostics:StoreFiles END ---
2015-11-19 15:17:52.819+0000 INFO  [o.n.k.EmbeddedGraphDatabase]: Database is now ready
2015-11-19 15:17:55.103+0000 WARN  [o.n.k.EmbeddedGraphDatabase]: GC Monitor: Application threads blocked for 334ms.
2015-11-19 15:17:56.053+0000 WARN  [o.n.k.EmbeddedGraphDatabase]: GC Monitor: Application threads blocked for 245ms.
2015-11-19 15:17:56.062+0000 INFO  [o.n.k.EmbeddedGraphDatabase]: Shutdown started
2015-11-19 15:17:56.063+0000 INFO  [o.n.k.EmbeddedGraphDatabase]: Database is now unavailable
2015-11-19 15:17:56.196+0000 INFO  [o.n.k.i.s.StoreFactory]: About to rotate counts store at transaction 7 to [accessingdataneo4j.db/neostore.counts.db.b], from [accessingdataneo4j.db/neostore.counts.db.a].
2015-11-19 15:17:56.197+0000 INFO  [o.n.k.i.s.StoreFactory]: Successfully rotated counts store at transaction 7 to [accessingdataneo4j.db/neostore.counts.db.b], from [accessingdataneo4j.db/neostore.counts.db.a].
2015-11-19 15:17:57.537+0000 INFO  [o.n.k.NeoStoreDataSource]: NeoStore closed
2015-11-19 15:17:57.537+0000 INFO  [o.n.k.i.DiagnosticsManager]: --- STOPPING diagnostics START ---
2015-11-19 15:17:57.537+0000 INFO  [o.n.k.i.DiagnosticsManager]: --- STOPPING diagnostics END ---
